<?xml version="1.0" encoding="UTF-8" ?>
<testsuite tests="15" failures="0" name="jpacman.TestAll" time="0.872" errors="0" skipped="0">
  <properties>
    <property name="java.runtime.name" value="OpenJDK Runtime Environment"/>
    <property name="java.vm.version" value="23.0.1+11-39"/>
    <property name="sun.boot.library.path" value="C:\Users\robbe\.jdks\openjdk-23.0.1\bin"/>
    <property name="user.country.format" value="BE"/>
    <property name="java.vm.vendor" value="Oracle Corporation"/>
    <property name="java.vendor.url" value="https://java.oracle.com/"/>
    <property name="path.separator" value=";"/>
    <property name="java.vm.name" value="OpenJDK 64-Bit Server VM"/>
    <property name="sun.os.patch.level" value=""/>
    <property name="user.script" value=""/>
    <property name="user.country" value="US"/>
    <property name="sun.java.launcher" value="SUN_STANDARD"/>
    <property name="java.vm.specification.name" value="Java Virtual Machine Specification"/>
    <property name="user.dir" value="C:\Users\robbe\IdeaProjects\JPacman"/>
    <property name="java.vm.compressedOopsMode" value="Zero based"/>
    <property name="java.runtime.version" value="23.0.1+11-39"/>
    <property name="basedir" value="C:\Users\robbe\IdeaProjects\JPacman"/>
    <property name="os.arch" value="amd64"/>
    <property name="java.io.tmpdir" value="C:\Users\robbe\AppData\Local\Temp\"/>
    <property name="line.separator" value="
"/>
    <property name="java.vm.specification.vendor" value="Oracle Corporation"/>
    <property name="user.variant" value=""/>
    <property name="stderr.encoding" value="Cp1252"/>
    <property name="os.name" value="Windows 11"/>
    <property name="sun.jnu.encoding" value="Cp1252"/>
    <property name="stdout.encoding" value="Cp1252"/>
    <property name="java.library.path" value="C:\Users\robbe\.jdks\openjdk-23.0.1\bin;C:\WINDOWS\Sun\Java\bin;C:\WINDOWS\system32;C:\WINDOWS;C:\Program Files\Python313\Scripts\;C:\Program Files\Python313\;C:\Program Files\Zulu\zulu-21\bin\;C:\Program Files (x86)\Common Files\Oracle\Java\javapath;C:\WINDOWS\system32;C:\WINDOWS;C:\WINDOWS\System32\Wbem;C:\WINDOWS\System32\WindowsPowerShell\v1.0\;C:\WINDOWS\System32\OpenSSH\;C:\Users\robbe\Documents\Calculus\TeXnicCenter\New folder\miktex\bin\x64\;C:\Program Files\MiKTeX 2.9\miktex\bin\x64\;C:\Program Files\Git\cmd;C:\Program Files\MATLAB\R2023b\bin;;C:\WINDOWS\system32;C:\WINDOWS;C:\WINDOWS\System32\Wbem;C:\WINDOWS\System32\WindowsPowerShell\v1.0\;C:\WINDOWS\System32\OpenSSH\;C:\Program Files (x86)\Windows Kits\10\Windows Performance Toolkit\;C:\Program Files\Docker\Docker\resources\bin;C:\Program Files\Graphviz\bin;C:\Users\robbe\AppData\Local\Microsoft\WindowsApps;C:\Qt\5.15.2\mingw81_64\bin;C:\Users\robbe\AppData\Local\Programs\Microsoft VS Code\bin;C:\Program Files\JetBrains\PyCharm 2024.3.1\bin;;C:\Users\robbe\AppData\Roaming\Python\Python313\Scripts;C:\Users\robbe\apache-maven-3.9.9\bin;;."/>
    <property name="jdk.debug" value="release"/>
    <property name="sun.awt.enableExtraMouseButtons" value="true"/>
    <property name="java.class.version" value="67.0"/>
    <property name="java.specification.name" value="Java Platform API Specification"/>
    <property name="sun.management.compiler" value="HotSpot 64-Bit Tiered Compilers"/>
    <property name="os.version" value="10.0"/>
    <property name="user.home" value="C:\Users\robbe"/>
    <property name="user.timezone" value="Europe/Brussels"/>
    <property name="file.encoding" value="UTF-8"/>
    <property name="java.specification.version" value="23"/>
    <property name="user.name" value="robbe"/>
    <property name="java.class.path" value="C:\Users\robbe\.m2\repository\org\apache\maven\surefire\surefire-booter\2.3\surefire-booter-2.3.jar;C:\Users\robbe\.m2\repository\org\apache\maven\surefire\surefire-api\2.3\surefire-api-2.3.jar;C:\Users\robbe\.m2\repository\org\codehaus\plexus\plexus-utils\1.1\plexus-utils-1.1.jar;C:\Users\robbe\.m2\repository\commons-lang\commons-lang\2.1\commons-lang-2.1.jar;C:\Users\robbe\.m2\repository\org\codehaus\plexus\plexus-archiver\1.0-alpha-7\plexus-archiver-1.0-alpha-7.jar;C:\Users\robbe\.m2\repository\org\codehaus\plexus\plexus-container-default\1.0-alpha-8\plexus-container-default-1.0-alpha-8.jar;C:\Users\robbe\.m2\repository\junit\junit\3.8.1\junit-3.8.1.jar;C:\Users\robbe\.m2\repository\classworlds\classworlds\1.1-alpha-2\classworlds-1.1-alpha-2.jar"/>
    <property name="java.vm.specification.version" value="23"/>
    <property name="sun.arch.data.model" value="64"/>
    <property name="sun.java.command" value="org.apache.maven.surefire.booter.SurefireBooter C:\Users\robbe\AppData\Local\Temp\surefire7520516323195688737tmp C:\Users\robbe\AppData\Local\Temp\surefire9800365215874761413tmp"/>
    <property name="java.home" value="C:\Users\robbe\.jdks\openjdk-23.0.1"/>
    <property name="user.language" value="en"/>
    <property name="java.specification.vendor" value="Oracle Corporation"/>
    <property name="user.language.format" value="nl"/>
    <property name="java.vm.info" value="mixed mode, sharing"/>
    <property name="java.version" value="23.0.1"/>
    <property name="native.encoding" value="Cp1252"/>
    <property name="java.vendor" value="Oracle Corporation"/>
    <property name="localRepository" value="C:\Users\robbe\.m2\repository"/>
    <property name="file.separator" value="\"/>
    <property name="java.version.date" value="2024-10-15"/>
    <property name="java.vendor.url.bug" value="https://bugreport.java.com/bugreport/"/>
    <property name="sun.io.unicode.encoding" value="UnicodeLittle"/>
    <property name="sun.cpu.endian" value="little"/>
    <property name="sun.cpu.isalist" value="amd64"/>
  </properties>
  <testcase name="testTopLevelAlphaOmega" time="0.853"/>
  <testcase name="testGettingWidthHeight" time="0"/>
  <testcase name="testGettingCellsFromBoard" time="0"/>
  <testcase name="testFailingBoardCreation" time="0"/>
  <testcase name="testOccupy" time="0"/>
  <testcase name="testCellAtOffset" time="0.001"/>
  <testcase name="testGetMonsters" time="0"/>
  <testcase name="testDxDyPossibleMove" time="0"/>
  <testcase name="testDxDyImpossibleMove" time="0"/>
  <testcase name="addTestCasesHere" time="0.001"/>
  <testcase name="testUpdates" time="0.002"/>
  <testcase name="testSimpleGetters" time="0"/>
  <testcase name="testApply" time="0"/>
  <testcase name="testMonster" time="0.003"/>
  <testcase name="testPlayer" time="0.004"/>
</testsuite>